Info 0    [17:08:54.235] Starting TS Server
Info 1    [17:08:54.236] Version: 4.3.5
Info 2    [17:08:54.236] Arguments: /home/thomas/.local/share/nvm/v15.12.0/bin/node /usr/bin/tsserver --logFile /home/thomas/Projects/jotescripts/.log/tsserver.log --logVerbosity info --cancellationPipeName /tmp/ffc0ba45f413fe8a6602e7720cf276e2/tscancellation*
Info 3    [17:08:54.236] Platform: linux NodeVersion: 15 CaseSensitive: true
Info 4    [17:08:54.236] ServerMode: undefined syntaxOnly: false hasUnknownServerMode: undefined
Info 5    [17:08:54.259] Search path: /home/thomas/Projects/jotescripts
Info 6    [17:08:54.260] For info: /home/thomas/Projects/jotescripts/pubtodone.js :: No config files found.
Info 7    [17:08:54.264] Starting updateGraphWorker: Project: /dev/null/inferredProject1*
Info 8    [17:08:57.993] Finishing updateGraphWorker: Project: /dev/null/inferredProject1* Version: 1 structureChanged: true Elapsed: 3729.0036640167236ms
Info 9    [17:08:57.993] Project '/dev/null/inferredProject1*' (Inferred)
Info 10   [17:08:57.993] 	Files (223)

Info 11   [17:08:57.993] -----------------------------------------------
Info 12   [17:08:58.696] Starting updateGraphWorker: Project: /dev/null/inferredProject1*
Info 13   [17:08:59.440] Finishing updateGraphWorker: Project: /dev/null/inferredProject1* Version: 2 structureChanged: true Elapsed: 743.7914749979973ms
Info 14   [17:08:59.440] Project '/dev/null/inferredProject1*' (Inferred)
Info 15   [17:08:59.440] 	Files (335)

Info 16   [17:08:59.440] -----------------------------------------------
Info 17   [17:08:59.453] DirectoryWatcher:: Triggered with /home/thomas/.cache/typescript/4.3/node_modules/types-registry 0:: WatchInfo: /home/thomas/.cache/typescript/4.3/node_modules 1 undefined Project: /dev/null/inferredProject1* WatchType: Failed Lookup Locations
Info 18   [17:08:59.454] Elapsed:: 0.488802969455719ms DirectoryWatcher:: Triggered with /home/thomas/.cache/typescript/4.3/node_modules/types-registry 0:: WatchInfo: /home/thomas/.cache/typescript/4.3/node_modules 1 undefined Project: /dev/null/inferredProject1* WatchType: Failed Lookup Locations
Info 19   [17:08:59.454] DirectoryWatcher:: Triggered with /home/thomas/.cache/typescript/4.3/node_modules/types-registry 1:: WatchInfo: /home/thomas/.cache/typescript/4.3/node_modules 1 undefined Project: /dev/null/inferredProject1* WatchType: Failed Lookup Locations
Info 20   [17:08:59.454] Elapsed:: 0.06634604930877686ms DirectoryWatcher:: Triggered with /home/thomas/.cache/typescript/4.3/node_modules/types-registry 1:: WatchInfo: /home/thomas/.cache/typescript/4.3/node_modules 1 undefined Project: /dev/null/inferredProject1* WatchType: Failed Lookup Locations
Info 21   [17:08:59.454] DirectoryWatcher:: Triggered with /home/thomas/.cache/typescript/4.3/node_modules/nan 2:: WatchInfo: /home/thomas/.cache/typescript/4.3/node_modules 1 undefined Project: /dev/null/inferredProject1* WatchType: Failed Lookup Locations
Info 22   [17:08:59.454] Elapsed:: 0.04972398281097412ms DirectoryWatcher:: Triggered with /home/thomas/.cache/typescript/4.3/node_modules/nan 2:: WatchInfo: /home/thomas/.cache/typescript/4.3/node_modules 1 undefined Project: /dev/null/inferredProject1* WatchType: Failed Lookup Locations
Info 23   [17:08:59.454] DirectoryWatcher:: Triggered with /home/thomas/.cache/typescript/4.3/node_modules/bindings 3:: WatchInfo: /home/thomas/.cache/typescript/4.3/node_modules 1 undefined Project: /dev/null/inferredProject1* WatchType: Failed Lookup Locations
Info 24   [17:08:59.454] Elapsed:: 0.053798019886016846ms DirectoryWatcher:: Triggered with /home/thomas/.cache/typescript/4.3/node_modules/bindings 3:: WatchInfo: /home/thomas/.cache/typescript/4.3/node_modules 1 undefined Project: /dev/null/inferredProject1* WatchType: Failed Lookup Locations
Info 25   [17:08:59.454] DirectoryWatcher:: Triggered with /home/thomas/.cache/typescript/4.3/node_modules/fsevents 4:: WatchInfo: /home/thomas/.cache/typescript/4.3/node_modules 1 undefined Project: /dev/null/inferredProject1* WatchType: Failed Lookup Locations
Info 26   [17:08:59.454] Elapsed:: 0.04201102256774902ms DirectoryWatcher:: Triggered with /home/thomas/.cache/typescript/4.3/node_modules/fsevents 4:: WatchInfo: /home/thomas/.cache/typescript/4.3/node_modules 1 undefined Project: /dev/null/inferredProject1* WatchType: Failed Lookup Locations
Info 27   [17:08:59.454] DirectoryWatcher:: Triggered with /home/thomas/.cache/typescript/4.3/node_modules/file-uri-to-path 5:: WatchInfo: /home/thomas/.cache/typescript/4.3/node_modules 1 undefined Project: /dev/null/inferredProject1* WatchType: Failed Lookup Locations
Info 28   [17:08:59.454] Elapsed:: 0.05067998170852661ms DirectoryWatcher:: Triggered with /home/thomas/.cache/typescript/4.3/node_modules/file-uri-to-path 5:: WatchInfo: /home/thomas/.cache/typescript/4.3/node_modules 1 undefined Project: /dev/null/inferredProject1* WatchType: Failed Lookup Locations
Info 29   [17:08:59.454] DirectoryWatcher:: Triggered with /home/thomas/.cache/typescript/4.3/node_modules/fsevents 6:: WatchInfo: /home/thomas/.cache/typescript/4.3/node_modules 1 undefined Project: /dev/null/inferredProject1* WatchType: Failed Lookup Locations
Info 30   [17:08:59.454] Elapsed:: 0.04495799541473389ms DirectoryWatcher:: Triggered with /home/thomas/.cache/typescript/4.3/node_modules/fsevents 6:: WatchInfo: /home/thomas/.cache/typescript/4.3/node_modules 1 undefined Project: /dev/null/inferredProject1* WatchType: Failed Lookup Locations
Info 31   [17:08:59.454] DirectoryWatcher:: Triggered with /home/thomas/.cache/typescript/4.3/node_modules/bindings 7:: WatchInfo: /home/thomas/.cache/typescript/4.3/node_modules 1 undefined Project: /dev/null/inferredProject1* WatchType: Failed Lookup Locations
Info 32   [17:08:59.454] Elapsed:: 0.03816795349121094ms DirectoryWatcher:: Triggered with /home/thomas/.cache/typescript/4.3/node_modules/bindings 7:: WatchInfo: /home/thomas/.cache/typescript/4.3/node_modules 1 undefined Project: /dev/null/inferredProject1* WatchType: Failed Lookup Locations
Info 33   [17:08:59.454] DirectoryWatcher:: Triggered with /home/thomas/.cache/typescript/4.3/node_modules/nan 8:: WatchInfo: /home/thomas/.cache/typescript/4.3/node_modules 1 undefined Project: /dev/null/inferredProject1* WatchType: Failed Lookup Locations
Info 34   [17:08:59.455] Elapsed:: 0.03999298810958862ms DirectoryWatcher:: Triggered with /home/thomas/.cache/typescript/4.3/node_modules/nan 8:: WatchInfo: /home/thomas/.cache/typescript/4.3/node_modules 1 undefined Project: /dev/null/inferredProject1* WatchType: Failed Lookup Locations
Info 35   [17:08:59.455] DirectoryWatcher:: Triggered with /home/thomas/.cache/typescript/4.3/node_modules/file-uri-to-path 9:: WatchInfo: /home/thomas/.cache/typescript/4.3/node_modules 1 undefined Project: /dev/null/inferredProject1* WatchType: Failed Lookup Locations
Info 36   [17:08:59.455] Elapsed:: 0.04769700765609741ms DirectoryWatcher:: Triggered with /home/thomas/.cache/typescript/4.3/node_modules/file-uri-to-path 9:: WatchInfo: /home/thomas/.cache/typescript/4.3/node_modules 1 undefined Project: /dev/null/inferredProject1* WatchType: Failed Lookup Locations
Info 37   [17:08:59.455] DirectoryWatcher:: Triggered with /home/thomas/.cache/typescript/4.3/node_modules/types-registry/types-registry 10:: WatchInfo: /home/thomas/.cache/typescript/4.3/node_modules 1 undefined Project: /dev/null/inferredProject1* WatchType: Failed Lookup Locations
Info 38   [17:08:59.455] Elapsed:: 0.029056012630462646ms DirectoryWatcher:: Triggered with /home/thomas/.cache/typescript/4.3/node_modules/types-registry/types-registry 10:: WatchInfo: /home/thomas/.cache/typescript/4.3/node_modules 1 undefined Project: /dev/null/inferredProject1* WatchType: Failed Lookup Locations
Info 39   [17:08:59.455] DirectoryWatcher:: Triggered with /home/thomas/.cache/typescript/4.3/node_modules/types-registry/README.md 11:: WatchInfo: /home/thomas/.cache/typescript/4.3/node_modules 1 undefined Project: /dev/null/inferredProject1* WatchType: Failed Lookup Locations
Info 40   [17:08:59.455] Elapsed:: 0.14190399646759033ms DirectoryWatcher:: Triggered with /home/thomas/.cache/typescript/4.3/node_modules/types-registry/README.md 11:: WatchInfo: /home/thomas/.cache/typescript/4.3/node_modules 1 undefined Project: /dev/null/inferredProject1* WatchType: Failed Lookup Locations
Info 41   [17:08:59.455] DirectoryWatcher:: Triggered with /home/thomas/.cache/typescript/4.3/node_modules/types-registry/index.json 12:: WatchInfo: /home/thomas/.cache/typescript/4.3/node_modules 1 undefined Project: /dev/null/inferredProject1* WatchType: Failed Lookup Locations
Info 42   [17:08:59.455] Elapsed:: 0.22121495008468628ms DirectoryWatcher:: Triggered with /home/thomas/.cache/typescript/4.3/node_modules/types-registry/index.json 12:: WatchInfo: /home/thomas/.cache/typescript/4.3/node_modules 1 undefined Project: /dev/null/inferredProject1* WatchType: Failed Lookup Locations
Info 43   [17:08:59.455] DirectoryWatcher:: Triggered with /home/thomas/.cache/typescript/4.3/node_modules/types-registry/package.json 13:: WatchInfo: /home/thomas/.cache/typescript/4.3/node_modules 1 undefined Project: /dev/null/inferredProject1* WatchType: Failed Lookup Locations
Info 44   [17:08:59.455] Elapsed:: 0.07112902402877808ms DirectoryWatcher:: Triggered with /home/thomas/.cache/typescript/4.3/node_modules/types-registry/package.json 13:: WatchInfo: /home/thomas/.cache/typescript/4.3/node_modules 1 undefined Project: /dev/null/inferredProject1* WatchType: Failed Lookup Locations
Info 45   [17:08:59.455] DirectoryWatcher:: Triggered with /home/thomas/.cache/typescript/4.3/node_modules/types-registry/types-registry 14:: WatchInfo: /home/thomas/.cache/typescript/4.3/node_modules 1 undefined Project: /dev/null/inferredProject1* WatchType: Failed Lookup Locations
Info 46   [17:08:59.455] Elapsed:: 0.025988996028900146ms DirectoryWatcher:: Triggered with /home/thomas/.cache/typescript/4.3/node_modules/types-registry/types-registry 14:: WatchInfo: /home/thomas/.cache/typescript/4.3/node_modules 1 undefined Project: /dev/null/inferredProject1* WatchType: Failed Lookup Locations
Info 47   [17:08:59.455] DirectoryWatcher:: Triggered with /home/thomas/.cache/typescript/4.3/node_modules/types-registry/types-registry 15:: WatchInfo: /home/thomas/.cache/typescript/4.3/node_modules 1 undefined Project: /dev/null/inferredProject1* WatchType: Failed Lookup Locations
Info 48   [17:08:59.455] Elapsed:: 0.022033989429473877ms DirectoryWatcher:: Triggered with /home/thomas/.cache/typescript/4.3/node_modules/types-registry/types-registry 15:: WatchInfo: /home/thomas/.cache/typescript/4.3/node_modules 1 undefined Project: /dev/null/inferredProject1* WatchType: Failed Lookup Locations
Info 49   [17:09:00.945] Before ensureProjectForOpenFiles:
Info 50   [17:09:00.946] After ensureProjectForOpenFiles:
Info 51   [17:09:00.947] got projects updated in background, updating diagnostics for /home/thomas/Projects/jotescripts/pubtodone.js
Info 52   [17:10:15.859] Starting updateGraphWorker: Project: /dev/null/inferredProject1*
Info 53   [17:10:15.915] Finishing updateGraphWorker: Project: /dev/null/inferredProject1* Version: 3 structureChanged: false Elapsed: 54.943661987781525ms
Info 54   [17:10:15.915] Different program with same set of files:: structureIsReused:: 2
Info 55   [17:10:16.260] Starting updateGraphWorker: Project: /dev/null/inferredProject1*
Info 56   [17:10:16.288] Finishing updateGraphWorker: Project: /dev/null/inferredProject1* Version: 4 structureChanged: false Elapsed: 27.610532999038696ms
Info 57   [17:10:16.288] Different program with same set of files:: structureIsReused:: 2
Info 58   [17:10:16.390] getCompletionData: Get current token: 0.028752028942108154
Info 59   [17:10:16.390] getCompletionData: Is inside comment: 0.010680019855499268
Info 60   [17:10:16.390] getCompletionData: Get previous token 1: 0.10141003131866455
Info 61   [17:10:16.390] getCompletionData: Get previous token 2: 0.06843197345733643
Info 62   [17:10:16.391] getCompletionsAtPosition: isCompletionListBlocker: 0.3522689938545227
Info 63   [17:10:16.391] Returning an empty list because completion was requested in an invalid position.
Info 64   [17:10:16.597] getCompletionData: Get current token: 0.01954096555709839
Info 65   [17:10:16.597] getCompletionData: Is inside comment: 0.008997023105621338
Info 66   [17:10:16.597] getCompletionData: Get previous token 1: 0.04791700839996338
Info 67   [17:10:16.597] getCompletionData: Get previous token 2: 0.05489397048950195
Info 68   [17:10:16.597] getCompletionsAtPosition: isCompletionListBlocker: 0.018664002418518066
Info 69   [17:10:16.597] Returning an empty list because completion was requested in an invalid position.
Info 70   [17:10:17.067] getCompletionData: Get current token: 0.07588797807693481
Info 71   [17:10:17.067] getCompletionData: Is inside comment: 0.034281015396118164
Info 72   [17:10:17.067] getCompletionData: Get previous token 1: 0.17691701650619507
Info 73   [17:10:17.068] getCompletionData: Get previous token 2: 0.19146698713302612
Info 74   [17:10:17.068] getCompletionsAtPosition: isCompletionListBlocker: 0.08221304416656494
Info 75   [17:10:17.068] Returning an empty list because completion was requested in an invalid position.
Info 76   [17:10:17.443] Starting updateGraphWorker: Project: /dev/null/inferredProject1*
Info 77   [17:10:17.475] Finishing updateGraphWorker: Project: /dev/null/inferredProject1* Version: 5 structureChanged: false Elapsed: 31.96415799856186ms
Info 78   [17:10:17.475] Different program with same set of files:: structureIsReused:: 2
